This is pdfTeX, Version 3.1415926-2.5-1.40.14 (TeX Live 2013/Debian) (format=pdflatex 2013.11.12)  10 DEC 2013 18:07
entering extended mode
 restricted \write18 enabled.
 %&-line parsing enabled.
**TannerTriscaReport.tex
(./TannerTriscaReport.tex
LaTeX2e <2011/06/27>
Babel <3.9f> and hyphenation patterns for 2 languages loaded.
(/usr/share/texlive/texmf-dist/tex/latex/base/article.cls
Document Class: article 2007/10/19 v1.4h Standard LaTeX document class
(/usr/share/texlive/texmf-dist/tex/latex/base/size10.clo
File: size10.clo 2007/10/19 v1.4h Standard LaTeX file (size option)
)
\c@part=\count79
\c@section=\count80
\c@subsection=\count81
\c@subsubsection=\count82
\c@paragraph=\count83
\c@subparagraph=\count84
\c@figure=\count85
\c@table=\count86
\abovecaptionskip=\skip41
\belowcaptionskip=\skip42
\bibindent=\dimen102
)
(/usr/share/texlive/texmf-dist/tex/latex/base/fontenc.sty
Package: fontenc 2005/09/27 v1.99g Standard LaTeX package

(/usr/share/texlive/texmf-dist/tex/latex/base/t1enc.def
File: t1enc.def 2005/09/27 v1.99g Standard LaTeX file
LaTeX Font Info:    Redeclaring font encoding T1 on input line 43.
))
(/usr/share/texlive/texmf-dist/tex/latex/base/inputenc.sty
Package: inputenc 2008/03/30 v1.1d Input encoding file
\inpenc@prehook=\toks14
\inpenc@posthook=\toks15

(/usr/share/texlive/texmf-dist/tex/latex/base/utf8.def
File: utf8.def 2008/04/05 v1.1m UTF-8 support for inputenc
Now handling font encoding OML ...
... no UTF-8 mapping file for font encoding OML
Now handling font encoding T1 ...
... processing UTF-8 mapping file for font encoding T1

(/usr/share/texlive/texmf-dist/tex/latex/base/t1enc.dfu
File: t1enc.dfu 2008/04/05 v1.1m UTF-8 support for inputenc
   defining Unicode char U+00A1 (decimal 161)
   defining Unicode char U+00A3 (decimal 163)
   defining Unicode char U+00AB (decimal 171)
   defining Unicode char U+00BB (decimal 187)
   defining Unicode char U+00BF (decimal 191)
   defining Unicode char U+00C0 (decimal 192)
   defining Unicode char U+00C1 (decimal 193)
   defining Unicode char U+00C2 (decimal 194)
   defining Unicode char U+00C3 (decimal 195)
   defining Unicode char U+00C4 (decimal 196)
   defining Unicode char U+00C5 (decimal 197)
   defining Unicode char U+00C6 (decimal 198)
   defining Unicode char U+00C7 (decimal 199)
   defining Unicode char U+00C8 (decimal 200)
   defining Unicode char U+00C9 (decimal 201)
   defining Unicode char U+00CA (decimal 202)
   defining Unicode char U+00CB (decimal 203)
   defining Unicode char U+00CC (decimal 204)
   defining Unicode char U+00CD (decimal 205)
   defining Unicode char U+00CE (decimal 206)
   defining Unicode char U+00CF (decimal 207)
   defining Unicode char U+00D0 (decimal 208)
   defining Unicode char U+00D1 (decimal 209)
   defining Unicode char U+00D2 (decimal 210)
   defining Unicode char U+00D3 (decimal 211)
   defining Unicode char U+00D4 (decimal 212)
   defining Unicode char U+00D5 (decimal 213)
   defining Unicode char U+00D6 (decimal 214)
   defining Unicode char U+00D8 (decimal 216)
   defining Unicode char U+00D9 (decimal 217)
   defining Unicode char U+00DA (decimal 218)
   defining Unicode char U+00DB (decimal 219)
   defining Unicode char U+00DC (decimal 220)
   defining Unicode char U+00DD (decimal 221)
   defining Unicode char U+00DE (decimal 222)
   defining Unicode char U+00DF (decimal 223)
   defining Unicode char U+00E0 (decimal 224)
   defining Unicode char U+00E1 (decimal 225)
   defining Unicode char U+00E2 (decimal 226)
   defining Unicode char U+00E3 (decimal 227)
   defining Unicode char U+00E4 (decimal 228)
   defining Unicode char U+00E5 (decimal 229)
   defining Unicode char U+00E6 (decimal 230)
   defining Unicode char U+00E7 (decimal 231)
   defining Unicode char U+00E8 (decimal 232)
   defining Unicode char U+00E9 (decimal 233)
   defining Unicode char U+00EA (decimal 234)
   defining Unicode char U+00EB (decimal 235)
   defining Unicode char U+00EC (decimal 236)
   defining Unicode char U+00ED (decimal 237)
   defining Unicode char U+00EE (decimal 238)
   defining Unicode char U+00EF (decimal 239)
   defining Unicode char U+00F0 (decimal 240)
   defining Unicode char U+00F1 (decimal 241)
   defining Unicode char U+00F2 (decimal 242)
   defining Unicode char U+00F3 (decimal 243)
   defining Unicode char U+00F4 (decimal 244)
   defining Unicode char U+00F5 (decimal 245)
   defining Unicode char U+00F6 (decimal 246)
   defining Unicode char U+00F8 (decimal 248)
   defining Unicode char U+00F9 (decimal 249)
   defining Unicode char U+00FA (decimal 250)
   defining Unicode char U+00FB (decimal 251)
   defining Unicode char U+00FC (decimal 252)
   defining Unicode char U+00FD (decimal 253)
   defining Unicode char U+00FE (decimal 254)
   defining Unicode char U+00FF (decimal 255)
   defining Unicode char U+0102 (decimal 258)
   defining Unicode char U+0103 (decimal 259)
   defining Unicode char U+0104 (decimal 260)
   defining Unicode char U+0105 (decimal 261)
   defining Unicode char U+0106 (decimal 262)
   defining Unicode char U+0107 (decimal 263)
   defining Unicode char U+010C (decimal 268)
   defining Unicode char U+010D (decimal 269)
   defining Unicode char U+010E (decimal 270)
   defining Unicode char U+010F (decimal 271)
   defining Unicode char U+0110 (decimal 272)
   defining Unicode char U+0111 (decimal 273)
   defining Unicode char U+0118 (decimal 280)
   defining Unicode char U+0119 (decimal 281)
   defining Unicode char U+011A (decimal 282)
   defining Unicode char U+011B (decimal 283)
   defining Unicode char U+011E (decimal 286)
   defining Unicode char U+011F (decimal 287)
   defining Unicode char U+0130 (decimal 304)
   defining Unicode char U+0131 (decimal 305)
   defining Unicode char U+0132 (decimal 306)
   defining Unicode char U+0133 (decimal 307)
   defining Unicode char U+0139 (decimal 313)
   defining Unicode char U+013A (decimal 314)
   defining Unicode char U+013D (decimal 317)
   defining Unicode char U+013E (decimal 318)
   defining Unicode char U+0141 (decimal 321)
   defining Unicode char U+0142 (decimal 322)
   defining Unicode char U+0143 (decimal 323)
   defining Unicode char U+0144 (decimal 324)
   defining Unicode char U+0147 (decimal 327)
   defining Unicode char U+0148 (decimal 328)
   defining Unicode char U+014A (decimal 330)
   defining Unicode char U+014B (decimal 331)
   defining Unicode char U+0150 (decimal 336)
   defining Unicode char U+0151 (decimal 337)
   defining Unicode char U+0152 (decimal 338)
   defining Unicode char U+0153 (decimal 339)
   defining Unicode char U+0154 (decimal 340)
   defining Unicode char U+0155 (decimal 341)
   defining Unicode char U+0158 (decimal 344)
   defining Unicode char U+0159 (decimal 345)
   defining Unicode char U+015A (decimal 346)
   defining Unicode char U+015B (decimal 347)
   defining Unicode char U+015E (decimal 350)
   defining Unicode char U+015F (decimal 351)
   defining Unicode char U+0160 (decimal 352)
   defining Unicode char U+0161 (decimal 353)
   defining Unicode char U+0162 (decimal 354)
   defining Unicode char U+0163 (decimal 355)
   defining Unicode char U+0164 (decimal 356)
   defining Unicode char U+0165 (decimal 357)
   defining Unicode char U+016E (decimal 366)
   defining Unicode char U+016F (decimal 367)
   defining Unicode char U+0170 (decimal 368)
   defining Unicode char U+0171 (decimal 369)
   defining Unicode char U+0178 (decimal 376)
   defining Unicode char U+0179 (decimal 377)
   defining Unicode char U+017A (decimal 378)
   defining Unicode char U+017B (decimal 379)
   defining Unicode char U+017C (decimal 380)
   defining Unicode char U+017D (decimal 381)
   defining Unicode char U+017E (decimal 382)
   defining Unicode char U+200C (decimal 8204)
   defining Unicode char U+2013 (decimal 8211)
   defining Unicode char U+2014 (decimal 8212)
   defining Unicode char U+2018 (decimal 8216)
   defining Unicode char U+2019 (decimal 8217)
   defining Unicode char U+201A (decimal 8218)
   defining Unicode char U+201C (decimal 8220)
   defining Unicode char U+201D (decimal 8221)
   defining Unicode char U+201E (decimal 8222)
   defining Unicode char U+2030 (decimal 8240)
   defining Unicode char U+2031 (decimal 8241)
   defining Unicode char U+2039 (decimal 8249)
   defining Unicode char U+203A (decimal 8250)
   defining Unicode char U+2423 (decimal 9251)
)
Now handling font encoding OT1 ...
... processing UTF-8 mapping file for font encoding OT1

(/usr/share/texlive/texmf-dist/tex/latex/base/ot1enc.dfu
File: ot1enc.dfu 2008/04/05 v1.1m UTF-8 support for inputenc
   defining Unicode char U+00A1 (decimal 161)
   defining Unicode char U+00A3 (decimal 163)
   defining Unicode char U+00B8 (decimal 184)
   defining Unicode char U+00BF (decimal 191)
   defining Unicode char U+00C5 (decimal 197)
   defining Unicode char U+00C6 (decimal 198)
   defining Unicode char U+00D8 (decimal 216)
   defining Unicode char U+00DF (decimal 223)
   defining Unicode char U+00E6 (decimal 230)
   defining Unicode char U+00EC (decimal 236)
   defining Unicode char U+00ED (decimal 237)
   defining Unicode char U+00EE (decimal 238)
   defining Unicode char U+00EF (decimal 239)
   defining Unicode char U+00F8 (decimal 248)
   defining Unicode char U+0131 (decimal 305)
   defining Unicode char U+0141 (decimal 321)
   defining Unicode char U+0142 (decimal 322)
   defining Unicode char U+0152 (decimal 338)
   defining Unicode char U+0153 (decimal 339)
   defining Unicode char U+2013 (decimal 8211)
   defining Unicode char U+2014 (decimal 8212)
   defining Unicode char U+2018 (decimal 8216)
   defining Unicode char U+2019 (decimal 8217)
   defining Unicode char U+201C (decimal 8220)
   defining Unicode char U+201D (decimal 8221)
)
Now handling font encoding OMS ...
... processing UTF-8 mapping file for font encoding OMS

(/usr/share/texlive/texmf-dist/tex/latex/base/omsenc.dfu
File: omsenc.dfu 2008/04/05 v1.1m UTF-8 support for inputenc
   defining Unicode char U+00A7 (decimal 167)
   defining Unicode char U+00B6 (decimal 182)
   defining Unicode char U+00B7 (decimal 183)
   defining Unicode char U+2020 (decimal 8224)
   defining Unicode char U+2021 (decimal 8225)
   defining Unicode char U+2022 (decimal 8226)
)
Now handling font encoding OMX ...
... no UTF-8 mapping file for font encoding OMX
Now handling font encoding U ...
... no UTF-8 mapping file for font encoding U
   defining Unicode char U+00A9 (decimal 169)
   defining Unicode char U+00AA (decimal 170)
   defining Unicode char U+00AE (decimal 174)
   defining Unicode char U+00BA (decimal 186)
   defining Unicode char U+02C6 (decimal 710)
   defining Unicode char U+02DC (decimal 732)
   defining Unicode char U+200C (decimal 8204)
   defining Unicode char U+2026 (decimal 8230)
   defining Unicode char U+2122 (decimal 8482)
   defining Unicode char U+2423 (decimal 9251)
))
(/usr/share/texlive/texmf-dist/tex/latex/psnfss/palatino.sty
Package: palatino 2005/04/12 PSNFSS-v9.2a (SPQR) 
)
(/usr/share/texlive/texmf-dist/tex/latex/preprint/fullpage.sty
Package: fullpage 1999/02/23 1.1 (PWD)
\FP@margin=\skip43
)
(/usr/share/texlive/texmf-dist/tex/latex/graphics/graphicx.sty
Package: graphicx 1999/02/16 v1.0f Enhanced LaTeX Graphics (DPC,SPQR)

(/usr/share/texlive/texmf-dist/tex/latex/graphics/keyval.sty
Package: keyval 1999/03/16 v1.13 key=value parser (DPC)
\KV@toks@=\toks16
)
(/usr/share/texlive/texmf-dist/tex/latex/graphics/graphics.sty
Package: graphics 2009/02/05 v1.0o Standard LaTeX Graphics (DPC,SPQR)

(/usr/share/texlive/texmf-dist/tex/latex/graphics/trig.sty
Package: trig 1999/03/16 v1.09 sin cos tan (DPC)
)
(/usr/share/texlive/texmf-dist/tex/latex/latexconfig/graphics.cfg
File: graphics.cfg 2010/04/23 v1.9 graphics configuration of TeX Live
)
Package graphics Info: Driver file: pdftex.def on input line 91.

(/usr/share/texlive/texmf-dist/tex/latex/pdftex-def/pdftex.def
File: pdftex.def 2011/05/27 v0.06d Graphics/color for pdfTeX

(/usr/share/texlive/texmf-dist/tex/generic/oberdiek/infwarerr.sty
Package: infwarerr 2010/04/08 v1.3 Providing info/warning/error messages (HO)
)
(/usr/share/texlive/texmf-dist/tex/generic/oberdiek/ltxcmds.sty
Package: ltxcmds 2011/11/09 v1.22 LaTeX kernel commands for general use (HO)
)
\Gread@gobject=\count87
))
\Gin@req@height=\dimen103
\Gin@req@width=\dimen104
)
(/usr/share/texlive/texmf-dist/tex/latex/float/float.sty
Package: float 2001/11/08 v1.3d Float enhancements (AL)
\c@float@type=\count88
\float@exts=\toks17
\float@box=\box26
\@float@everytoks=\toks18
\@floatcapt=\box27
)
(./TannerTriscaReport.aux)
\openout1 = `TannerTriscaReport.aux'.

LaTeX Font Info:    Checking defaults for OML/cmm/m/it on input line 12.
LaTeX Font Info:    ... okay on input line 12.
LaTeX Font Info:    Checking defaults for T1/cmr/m/n on input line 12.
LaTeX Font Info:    ... okay on input line 12.
LaTeX Font Info:    Checking defaults for OT1/cmr/m/n on input line 12.
LaTeX Font Info:    ... okay on input line 12.
LaTeX Font Info:    Checking defaults for OMS/cmsy/m/n on input line 12.
LaTeX Font Info:    ... okay on input line 12.
LaTeX Font Info:    Checking defaults for OMX/cmex/m/n on input line 12.
LaTeX Font Info:    ... okay on input line 12.
LaTeX Font Info:    Checking defaults for U/cmr/m/n on input line 12.
LaTeX Font Info:    ... okay on input line 12.
LaTeX Font Info:    Try loading font information for T1+ppl on input line 12.

(/usr/share/texlive/texmf-dist/tex/latex/psnfss/t1ppl.fd
File: t1ppl.fd 2001/06/04 font definitions for T1/ppl.
)
(/usr/share/texlive/texmf-dist/tex/context/base/supp-pdf.mkii
[Loading MPS to PDF converter (version 2006.09.02).]
\scratchcounter=\count89
\scratchdimen=\dimen105
\scratchbox=\box28
\nofMPsegments=\count90
\nofMParguments=\count91
\everyMPshowfont=\toks19
\MPscratchCnt=\count92
\MPscratchDim=\dimen106
\MPnumerator=\count93
\makeMPintoPDFobject=\count94
\everyMPtoPDFconversion=\toks20
) (/usr/share/texlive/texmf-dist/tex/generic/oberdiek/pdftexcmds.sty
Package: pdftexcmds 2011/11/29 v0.20 Utility functions of pdfTeX for LuaTeX (HO
)

(/usr/share/texlive/texmf-dist/tex/generic/oberdiek/ifluatex.sty
Package: ifluatex 2010/03/01 v1.3 Provides the ifluatex switch (HO)
Package ifluatex Info: LuaTeX not detected.
)
(/usr/share/texlive/texmf-dist/tex/generic/oberdiek/ifpdf.sty
Package: ifpdf 2011/01/30 v2.3 Provides the ifpdf switch (HO)
Package ifpdf Info: pdfTeX in PDF mode is detected.
)
Package pdftexcmds Info: LuaTeX not detected.
Package pdftexcmds Info: \pdf@primitive is available.
Package pdftexcmds Info: \pdf@ifprimitive is available.
Package pdftexcmds Info: \pdfdraftmode found.
)
(/usr/share/texlive/texmf-dist/tex/latex/oberdiek/epstopdf-base.sty
Package: epstopdf-base 2010/02/09 v2.5 Base part for package epstopdf

(/usr/share/texlive/texmf-dist/tex/latex/oberdiek/grfext.sty
Package: grfext 2010/08/19 v1.1 Manage graphics extensions (HO)

(/usr/share/texlive/texmf-dist/tex/generic/oberdiek/kvdefinekeys.sty
Package: kvdefinekeys 2011/04/07 v1.3 Define keys (HO)
))
(/usr/share/texlive/texmf-dist/tex/latex/oberdiek/kvoptions.sty
Package: kvoptions 2011/06/30 v3.11 Key value format for package options (HO)

(/usr/share/texlive/texmf-dist/tex/generic/oberdiek/kvsetkeys.sty
Package: kvsetkeys 2012/04/25 v1.16 Key value parser (HO)

(/usr/share/texlive/texmf-dist/tex/generic/oberdiek/etexcmds.sty
Package: etexcmds 2011/02/16 v1.5 Avoid name clashes with e-TeX commands (HO)
Package etexcmds Info: Could not find \expanded.
(etexcmds)             That can mean that you are not using pdfTeX 1.50 or
(etexcmds)             that some package has redefined \expanded.
(etexcmds)             In the latter case, load this package earlier.
)))
Package grfext Info: Graphics extension search list:
(grfext)             [.png,.pdf,.jpg,.mps,.jpeg,.jbig2,.jb2,.PNG,.PDF,.JPG,.JPE
G,.JBIG2,.JB2,.eps]
(grfext)             \AppendGraphicsExtensions on input line 452.

(/usr/share/texlive/texmf-dist/tex/latex/latexconfig/epstopdf-sys.cfg
File: epstopdf-sys.cfg 2010/07/13 v1.3 Configuration of (r)epstopdf for TeX Liv
e
))
LaTeX Font Info:    External font `cmex10' loaded for size
(Font)              <12> on input line 14.
LaTeX Font Info:    External font `cmex10' loaded for size
(Font)              <8> on input line 14.
LaTeX Font Info:    External font `cmex10' loaded for size
(Font)              <6> on input line 14.
LaTeX Font Info:    Font shape `T1/ppl/bx/n' in size <14.4> not available
(Font)              Font shape `T1/ppl/b/n' tried instead on input line 16.

(./TannerTriscaReport.toc
LaTeX Font Info:    Font shape `T1/ppl/bx/n' in size <10> not available
(Font)              Font shape `T1/ppl/b/n' tried instead on input line 1.
LaTeX Font Info:    External font `cmex10' loaded for size
(Font)              <7> on input line 2.
LaTeX Font Info:    External font `cmex10' loaded for size
(Font)              <5> on input line 2.
)
\tf@toc=\write3
\openout3 = `TannerTriscaReport.toc'.

 [1

{/var/lib/texmf/fonts/map/pdftex/updmap/pdftex.map}]
LaTeX Font Info:    Font shape `T1/ppl/bx/n' in size <12> not available
(Font)              Font shape `T1/ppl/b/n' tried instead on input line 21.

Overfull \hbox (27.70535pt too wide) in paragraph at lines 35--36
\T1/ppl/m/it/10 Location: https://data.cityofchicago.org/Health-Human-Services/
Census-Data-Selected-socioeconomic-indicators-
 []


Underfull \hbox (badness 10000) in paragraph at lines 51--52

 []

[2]
Underfull \hbox (badness 10000) in paragraph at lines 56--57

 []


Underfull \hbox (badness 10000) in paragraph at lines 64--65

 []


Underfull \hbox (badness 10000) in paragraph at lines 70--71

 []

Package epstopdf Info: Source file: <media/ScatterPlot1.eps>
(epstopdf)                    date: 2013-12-08 12:33:18
(epstopdf)                    size: 25564 bytes
(epstopdf)             Output file: <media/ScatterPlot1-eps-converted-to.pdf>
(epstopdf)                    date: 2013-12-08 12:35:16
(epstopdf)                    size: 34346 bytes
(epstopdf)             Command: <repstopdf --outfile=media/ScatterPlot1-eps-con
verted-to.pdf media/ScatterPlot1.eps>
(epstopdf)             \includegraphics on input line 99.
Package epstopdf Info: Output file is already uptodate.
<media/ScatterPlot1-eps-converted-to.pdf, id=12, 1159.33125pt x 758.835pt>
File: media/ScatterPlot1-eps-converted-to.pdf Graphic file (type pdf)

<use media/ScatterPlot1-eps-converted-to.pdf>
Package pdftex.def Info: media/ScatterPlot1-eps-converted-to.pdf used on input 
line 99.
(pdftex.def)             Requested size: 226.48395pt x 148.23276pt.
Package epstopdf Info: Source file: <media/ScatterPlot2.eps>
(epstopdf)                    date: 2013-12-08 12:33:19
(epstopdf)                    size: 24153 bytes
(epstopdf)             Output file: <media/ScatterPlot2-eps-converted-to.pdf>
(epstopdf)                    date: 2013-12-08 12:35:16
(epstopdf)                    size: 30127 bytes
(epstopdf)             Command: <repstopdf --outfile=media/ScatterPlot2-eps-con
verted-to.pdf media/ScatterPlot2.eps>
(epstopdf)             \includegraphics on input line 100.
Package epstopdf Info: Output file is already uptodate.

<media/ScatterPlot2-eps-converted-to.pdf, id=13, 1161.33875pt x 758.835pt>
File: media/ScatterPlot2-eps-converted-to.pdf Graphic file (type pdf)

<use media/ScatterPlot2-eps-converted-to.pdf>
Package pdftex.def Info: media/ScatterPlot2-eps-converted-to.pdf used on input 
line 100.
(pdftex.def)             Requested size: 135.89174pt x 88.7868pt.
Package epstopdf Info: Source file: <media/ScatterPlot3.eps>
(epstopdf)                    date: 2013-12-08 12:33:19
(epstopdf)                    size: 22102 bytes
(epstopdf)             Output file: <media/ScatterPlot3-eps-converted-to.pdf>
(epstopdf)                    date: 2013-12-08 12:35:17
(epstopdf)                    size: 24174 bytes
(epstopdf)             Command: <repstopdf --outfile=media/ScatterPlot3-eps-con
verted-to.pdf media/ScatterPlot3.eps>
(epstopdf)             \includegraphics on input line 101.
Package epstopdf Info: Output file is already uptodate.

<media/ScatterPlot3-eps-converted-to.pdf, id=14, 1152.305pt x 758.835pt>
File: media/ScatterPlot3-eps-converted-to.pdf Graphic file (type pdf)

<use media/ScatterPlot3-eps-converted-to.pdf>
Package pdftex.def Info: media/ScatterPlot3-eps-converted-to.pdf used on input 
line 101.
(pdftex.def)             Requested size: 135.89174pt x 89.48154pt.
Package epstopdf Info: Source file: <media/ScatterPlot4.eps>
(epstopdf)                    date: 2013-12-08 12:33:20
(epstopdf)                    size: 24724 bytes
(epstopdf)             Output file: <media/ScatterPlot4-eps-converted-to.pdf>
(epstopdf)                    date: 2013-12-08 12:35:17
(epstopdf)                    size: 34415 bytes
(epstopdf)             Command: <repstopdf --outfile=media/ScatterPlot4-eps-con
verted-to.pdf media/ScatterPlot4.eps>
(epstopdf)             \includegraphics on input line 102.
Package epstopdf Info: Output file is already uptodate.

<media/ScatterPlot4-eps-converted-to.pdf, id=15, 1154.3125pt x 758.835pt>
File: media/ScatterPlot4-eps-converted-to.pdf Graphic file (type pdf)

<use media/ScatterPlot4-eps-converted-to.pdf>
Package pdftex.def Info: media/ScatterPlot4-eps-converted-to.pdf used on input 
line 102.
(pdftex.def)             Requested size: 135.89174pt x 89.33101pt.
Package epstopdf Info: Source file: <media/ScatterPlot5.eps>
(epstopdf)                    date: 2013-12-08 12:33:21
(epstopdf)                    size: 24849 bytes
(epstopdf)             Output file: <media/ScatterPlot5-eps-converted-to.pdf>
(epstopdf)                    date: 2013-12-08 12:35:18
(epstopdf)                    size: 36647 bytes
(epstopdf)             Command: <repstopdf --outfile=media/ScatterPlot5-eps-con
verted-to.pdf media/ScatterPlot5.eps>
(epstopdf)             \includegraphics on input line 103.
Package epstopdf Info: Output file is already uptodate.

<media/ScatterPlot5-eps-converted-to.pdf, id=16, 1154.3125pt x 758.835pt>
File: media/ScatterPlot5-eps-converted-to.pdf Graphic file (type pdf)

<use media/ScatterPlot5-eps-converted-to.pdf>
Package pdftex.def Info: media/ScatterPlot5-eps-converted-to.pdf used on input 
line 103.
(pdftex.def)             Requested size: 135.89174pt x 89.33101pt.
Package epstopdf Info: Source file: <media/ScatterPlot6.eps>
(epstopdf)                    date: 2013-12-08 12:33:21
(epstopdf)                    size: 25193 bytes
(epstopdf)             Output file: <media/ScatterPlot6-eps-converted-to.pdf>
(epstopdf)                    date: 2013-12-08 12:35:19
(epstopdf)                    size: 36001 bytes
(epstopdf)             Command: <repstopdf --outfile=media/ScatterPlot6-eps-con
verted-to.pdf media/ScatterPlot6.eps>
(epstopdf)             \includegraphics on input line 104.
Package epstopdf Info: Output file is already uptodate.

<media/ScatterPlot6-eps-converted-to.pdf, id=17, 1154.3125pt x 758.835pt>
File: media/ScatterPlot6-eps-converted-to.pdf Graphic file (type pdf)

<use media/ScatterPlot6-eps-converted-to.pdf>
Package pdftex.def Info: media/ScatterPlot6-eps-converted-to.pdf used on input 
line 104.
(pdftex.def)             Requested size: 135.89174pt x 89.33101pt.
Package epstopdf Info: Source file: <media/ScatterPlot7.eps>
(epstopdf)                    date: 2013-12-08 12:33:22
(epstopdf)                    size: 24998 bytes
(epstopdf)             Output file: <media/ScatterPlot7-eps-converted-to.pdf>
(epstopdf)                    date: 2013-12-08 12:35:20
(epstopdf)                    size: 36089 bytes
(epstopdf)             Command: <repstopdf --outfile=media/ScatterPlot7-eps-con
verted-to.pdf media/ScatterPlot7.eps>
(epstopdf)             \includegraphics on input line 105.
Package epstopdf Info: Output file is already uptodate.

<media/ScatterPlot7-eps-converted-to.pdf, id=18, 1154.3125pt x 758.835pt>
File: media/ScatterPlot7-eps-converted-to.pdf Graphic file (type pdf)

<use media/ScatterPlot7-eps-converted-to.pdf>
Package pdftex.def Info: media/ScatterPlot7-eps-converted-to.pdf used on input 
line 105.
(pdftex.def)             Requested size: 135.89174pt x 89.33101pt.
Package epstopdf Info: Source file: <media/ScatterPlot8.eps>
(epstopdf)                    date: 2013-12-08 12:33:22
(epstopdf)                    size: 25224 bytes
(epstopdf)             Output file: <media/ScatterPlot8-eps-converted-to.pdf>
(epstopdf)                    date: 2013-12-08 12:35:20
(epstopdf)                    size: 36516 bytes
(epstopdf)             Command: <repstopdf --outfile=media/ScatterPlot8-eps-con
verted-to.pdf media/ScatterPlot8.eps>
(epstopdf)             \includegraphics on input line 106.
Package epstopdf Info: Output file is already uptodate.

<media/ScatterPlot8-eps-converted-to.pdf, id=19, 1164.35pt x 758.835pt>
File: media/ScatterPlot8-eps-converted-to.pdf Graphic file (type pdf)

<use media/ScatterPlot8-eps-converted-to.pdf>
Package pdftex.def Info: media/ScatterPlot8-eps-converted-to.pdf used on input 
line 106.
(pdftex.def)             Requested size: 135.89174pt x 88.55524pt.
Package epstopdf Info: Source file: <media/ScatterPlot9.eps>
(epstopdf)                    date: 2013-12-08 12:33:23
(epstopdf)                    size: 26119 bytes
(epstopdf)             Output file: <media/ScatterPlot9-eps-converted-to.pdf>
(epstopdf)                    date: 2013-12-08 12:35:21
(epstopdf)                    size: 36519 bytes
(epstopdf)             Command: <repstopdf --outfile=media/ScatterPlot9-eps-con
verted-to.pdf media/ScatterPlot9.eps>
(epstopdf)             \includegraphics on input line 107.
Package epstopdf Info: Output file is already uptodate.

<media/ScatterPlot9-eps-converted-to.pdf, id=20, 1159.33125pt x 758.835pt>
File: media/ScatterPlot9-eps-converted-to.pdf Graphic file (type pdf)

<use media/ScatterPlot9-eps-converted-to.pdf>
Package pdftex.def Info: media/ScatterPlot9-eps-converted-to.pdf used on input 
line 107.
(pdftex.def)             Requested size: 135.89174pt x 88.93733pt.

Underfull \hbox (badness 10000) in paragraph at lines 96--109

 []

[3]
Overfull \vbox (14.75136pt too high) has occurred while \output is active []


[4 <./media/ScatterPlot1-eps-converted-to.pdf> <./media/ScatterPlot2-eps-conver
ted-to.pdf> <./media/ScatterPlot3-eps-converted-to.pdf> <./media/ScatterPlot4-e
ps-converted-to.pdf> <./media/ScatterPlot5-eps-converted-to.pdf> <./media/Scatt
erPlot6-eps-converted-to.pdf> <./media/ScatterPlot7-eps-converted-to.pdf> <./me
dia/ScatterPlot8-eps-converted-to.pdf> <./media/ScatterPlot9-eps-converted-to.p
df>]
Package epstopdf Info: Source file: <media/distribution.eps>
(epstopdf)                    date: 2013-12-10 16:35:10
(epstopdf)                    size: 36218 bytes
(epstopdf)             Output file: <media/distribution-eps-converted-to.pdf>
(epstopdf)                    date: 2013-12-10 16:38:28
(epstopdf)                    size: 13516 bytes
(epstopdf)             Command: <repstopdf --outfile=media/distribution-eps-con
verted-to.pdf media/distribution.eps>
(epstopdf)             \includegraphics on input line 116.
Package epstopdf Info: Output file is already uptodate.

<media/distribution-eps-converted-to.pdf, id=81, 1096.095pt x 534.99875pt>
File: media/distribution-eps-converted-to.pdf Graphic file (type pdf)

<use media/distribution-eps-converted-to.pdf>
Package pdftex.def Info: media/distribution-eps-converted-to.pdf used on input 
line 116.
(pdftex.def)             Requested size: 452.9679pt x 221.0897pt.
Package epstopdf Info: Source file: <media/tree.eps>
(epstopdf)                    date: 2013-12-10 16:49:12
(epstopdf)                    size: 7577 bytes
(epstopdf)             Output file: <media/tree-eps-converted-to.pdf>
(epstopdf)                    date: 2013-12-10 16:49:40
(epstopdf)                    size: 6534 bytes
(epstopdf)             Command: <repstopdf --outfile=media/tree-eps-converted-t
o.pdf media/tree.eps>
(epstopdf)             \includegraphics on input line 131.
Package epstopdf Info: Output file is already uptodate.

<media/tree-eps-converted-to.pdf, id=82, 1096.095pt x 534.99875pt>
File: media/tree-eps-converted-to.pdf Graphic file (type pdf)

<use media/tree-eps-converted-to.pdf>
Package pdftex.def Info: media/tree-eps-converted-to.pdf used on input line 131
.
(pdftex.def)             Requested size: 452.9679pt x 221.0897pt.
 [5 <./media/distribution-eps-converted-to.pdf>]
Underfull \hbox (badness 10000) in paragraph at lines 137--138

 []


Underfull \hbox (badness 10000) in paragraph at lines 139--140

 []

Package epstopdf Info: Source file: <media/full_tree.eps>
(epstopdf)                    date: 2013-12-10 17:31:09
(epstopdf)                    size: 9997 bytes
(epstopdf)             Output file: <media/full_tree-eps-converted-to.pdf>
(epstopdf)                    date: 2013-12-10 17:34:39
(epstopdf)                    size: 8233 bytes
(epstopdf)             Command: <repstopdf --outfile=media/full_tree-eps-conver
ted-to.pdf media/full_tree.eps>
(epstopdf)             \includegraphics on input line 145.
Package epstopdf Info: Output file is already uptodate.
<media/full_tree-eps-converted-to.pdf, id=91, 1096.095pt x 534.99875pt>
File: media/full_tree-eps-converted-to.pdf Graphic file (type pdf)

<use media/full_tree-eps-converted-to.pdf>
Package pdftex.def Info: media/full_tree-eps-converted-to.pdf used on input lin
e 145.
(pdftex.def)             Requested size: 271.7835pt x 132.65546pt.
 [6 <./media/tree-eps-converted-to.pdf> <./media/full_tree-eps-converted-to.pdf
>]
Underfull \hbox (badness 10000) in paragraph at lines 157--158

 []

[7] (./TannerTriscaReport.bbl) [8] (./TannerTriscaReport.aux) ) 
Here is how much of TeX's memory you used:
 2106 strings out of 495031
 29011 string characters out of 6181530
 85259 words of memory out of 5000000
 5261 multiletter control sequences out of 15000+600000
 18788 words of font info for 39 fonts, out of 8000000 for 9000
 14 hyphenation exceptions out of 8191
 37i,7n,23p,887b,222s stack positions out of 5000i,500n,10000p,200000b,80000s
{/usr/share/texl
ive/texmf-dist/fonts/enc/dvips/base/8r.enc}</usr/share/texlive/texmf-dist/fonts
/type1/urw/palatino/uplb8a.pfb></usr/share/texlive/texmf-dist/fonts/type1/urw/p
alatino/uplr8a.pfb></usr/share/texlive/texmf-dist/fonts/type1/urw/palatino/uplr
i8a.pfb>
Output written on TannerTriscaReport.pdf (8 pages, 368433 bytes).
PDF statistics:
 125 PDF objects out of 1000 (max. 8388607)
 87 compressed objects within 1 object stream
 0 named destinations out of 1000 (max. 500000)
 61 words of extra memory for PDF output out of 10000 (max. 10000000)

